
--- NEW SESSION: 20/09/2017 13:22:12 ---
/Shape/mesh.facet_angle = 20

--- NEW SESSION: 20/09/2017 13:22:12 ---
/Shape/mesh.facet_angle = 20
/Shape/mesh.facet_angle = 20

--- NEW SESSION: 20/09/2017 13:37:50 ---
/Shape/mesh.facet_size = 0.2
/Shape/mesh.cell_size = 0.5

--- NEW SESSION: 20/09/2017 13:37:50 ---
/Shape/mesh.facet_size = 0.2
/Shape/mesh.cell_size = 0.5
/Shape/mesh.facet_size = 0.2
/Shape/mesh.cell_size = 0.5
/Shape/mesh.cell_size = 0.5
/Shape/mesh.facet_size = 0.2
/Shape/mesh.cell_size = 0.5
/Shape/mesh.facet_size = 0.2
/Shape/mesh.cell_size = 0.5
/Shape/mesh.facet_size = 0.2
/Shape/mesh.facet_size = 0.2
/Shape/mesh.cell_size = 0.5
/Shape/mesh.facet_size = 0.2
/Shape/mesh.cell_size = 0.5
/Shape/mesh.facet_size = 0.2
/Shape/mesh.cell_size = 0.5
/Shape/mesh.facet_size = 0.5
/Shape/mesh.cell_size = 0.1
/Shape/mesh.facet_angle = 10
/Shape/mesh.facet_size = 0.5
/Shape/mesh.cell_size = 0.1
/Shape/mesh.facet_angle = 10
/Shape/mesh.facet_size = 0.5
/Shape/mesh.cell_size = 0.1
/Shape/mesh.facet_angle = 10

--- NEW SESSION: 20/09/2017 13:57:48 ---
/Shape/mesh.facet_angle = 10
/Shape/mesh.facet_size = 0.2
/Shape/mesh.cell_radius_edge_ratio = 2.5
/Shape/mesh.cell_size = 0.7

--- NEW SESSION: 20/09/2017 13:57:49 ---
/Shape/mesh.facet_angle = 10
/Shape/mesh.facet_size = 0.2
/Shape/mesh.cell_radius_edge_ratio = 2.5
/Shape/mesh.cell_size = 0.7
/Shape/mesh.facet_angle = 10
/Shape/mesh.facet_size = 0.2
/Shape/mesh.cell_radius_edge_ratio = 2.5
/Shape/mesh.cell_size = 0.7
/Shape/mesh.cell_size = 0.7
/Shape/mesh.facet_size = 0.5
/Shape/mesh.cell_size = 0.7
/Shape/mesh.facet_size = 0.5
/Shape/mesh.cell_size = 0.7
/Shape/mesh.facet_size = 0.5
/Shape/mesh.facet_size = 0.5
/Shape/mesh.cell_size = 0.9
/Shape/mesh.facet_size = 0.5
/Shape/mesh.cell_size = 0.9
/Shape/mesh.facet_size = 0.5
/Shape/mesh.cell_size = 0.9
/Shape/mesh.cell_size = 0.6
/Shape/mesh.facet_size = 0.2
/Shape/mesh.cell_size = 0.6
/Shape/mesh.facet_size = 0.2
/Shape/mesh.cell_size = 0.6
/Shape/mesh.facet_size = 0.2
/Shape/mesh.cell_size = 0.6
/Shape/mesh.facet_size = 0.2
/Shape/mesh.cell_size = 0.6
/Shape/mesh.facet_size = 0.2
/Shape/mesh.cell_size = 0.6
/Shape/mesh.facet_size = 0.2
/Shape/mesh.cell_size = 0.6
/Shape/mesh.facet_size = 0.2
/Shape/mesh.cell_size = 0.6
/Shape/mesh.facet_size = 0.2
/Shape/mesh.cell_size = 0.6
/Shape/mesh.facet_size = 0.2
